------------------------------------------------------------------------------
Timestamp:  2020-05-06 14:35:25.7766
level    :  Error
Location :  YESTeleprompter.My.MyApplication.MyApplication_UnhandledException
Message  :  System.ArgumentOutOfRangeException: 索引超出范围。必须为非负值并小于集合大小。
参数名: index
   在 System.ThrowHelper.ThrowArgumentOutOfRangeException(ExceptionArgument argument, ExceptionResource resource)
   在 System.Collections.Generic.List`1.get_Item(Int32 index)
   在 YESTeleprompter.PlayForm.PlayForm_Paint(Object sender, PaintEventArgs e)
   在 System.Windows.Forms.Control.OnPaint(PaintEventArgs e)
   在 System.Windows.Forms.Form.OnPaint(PaintEventArgs e)
   在 System.Windows.Forms.Control.PaintWithErrorHandling(PaintEventArgs e, Int16 layer)
   在 System.Windows.Forms.Control.WmPaint(Message& m)
   在 System.Windows.Forms.Control.WndProc(Message& m)
   在 System.Windows.Forms.ScrollableControl.WndProc(Message& m)
   在 System.Windows.Forms.Form.WndProc(Message& m)
   在 System.Windows.Forms.Control.ControlNativeWindow.OnMessage(Message& m)
   在 System.Windows.Forms.Control.ControlNativeWindow.WndProc(Message& m)
   在 System.Windows.Forms.NativeWindow.Callback(IntPtr hWnd, Int32 msg, IntPtr wparam, IntPtr lparam)

------------------------------------------------------------------------------
Timestamp:  2020-05-06 14:37:28.4834
level    :  Error
Location :  YESTeleprompter.My.MyApplication.MyApplication_UnhandledException
Message  :  System.Exception: 测试异常处理
   在 YESTeleprompter.MainForm.PlayButton_Click(Object sender, EventArgs e)
   在 DevComponents.DotNetBar.BaseItem.RaiseClick(eEventSource source)
   在 DevComponents.DotNetBar.BaseItem.InternalMouseUp(MouseEventArgs objArg)
   在 DevComponents.DotNetBar.PopupItem.InternalMouseUp(MouseEventArgs objArg)
   在 DevComponents.DotNetBar.ButtonItem.InternalMouseUp(MouseEventArgs objArg)
   在 DevComponents.DotNetBar.BaseItem.InternalMouseUp(MouseEventArgs objArg)
   在 DevComponents.DotNetBar.ItemContainer.InternalMouseUp(MouseEventArgs objArg)
   在 DevComponents.DotNetBar.ItemControl.OnMouseUp(MouseEventArgs e)
   在 DevComponents.DotNetBar.RibbonBar.OnMouseUp(MouseEventArgs e)
   在 System.Windows.Forms.Control.WmMouseUp(Message& m, MouseButtons button, Int32 clicks)
   在 System.Windows.Forms.Control.WndProc(Message& m)
   在 System.Windows.Forms.ScrollableControl.WndProc(Message& m)
   在 System.Windows.Forms.ContainerControl.WndProc(Message& m)
   在 DevComponents.DotNetBar.ItemControl.WndProc(Message& m)
   在 System.Windows.Forms.Control.ControlNativeWindow.OnMessage(Message& m)
   在 System.Windows.Forms.Control.ControlNativeWindow.WndProc(Message& m)
   在 System.Windows.Forms.NativeWindow.Callback(IntPtr hWnd, Int32 msg, IntPtr wparam, IntPtr lparam)

------------------------------------------------------------------------------
Timestamp:  2020-05-06 14:39:09.4104
level    :  Error
Location :  YESTeleprompter.My.MyApplication.MyApplication_UnhandledException
Message  :  System.Exception: 测试异常处理
   在 YESTeleprompter.MainForm.PlayButton_Click(Object sender, EventArgs e)
   在 DevComponents.DotNetBar.BaseItem.RaiseClick(eEventSource source)
   在 DevComponents.DotNetBar.BaseItem.InternalMouseUp(MouseEventArgs objArg)
   在 DevComponents.DotNetBar.PopupItem.InternalMouseUp(MouseEventArgs objArg)
   在 DevComponents.DotNetBar.ButtonItem.InternalMouseUp(MouseEventArgs objArg)
   在 DevComponents.DotNetBar.BaseItem.InternalMouseUp(MouseEventArgs objArg)
   在 DevComponents.DotNetBar.ItemContainer.InternalMouseUp(MouseEventArgs objArg)
   在 DevComponents.DotNetBar.ItemControl.OnMouseUp(MouseEventArgs e)
   在 DevComponents.DotNetBar.RibbonBar.OnMouseUp(MouseEventArgs e)
   在 System.Windows.Forms.Control.WmMouseUp(Message& m, MouseButtons button, Int32 clicks)
   在 System.Windows.Forms.Control.WndProc(Message& m)
   在 System.Windows.Forms.ScrollableControl.WndProc(Message& m)
   在 System.Windows.Forms.ContainerControl.WndProc(Message& m)
   在 DevComponents.DotNetBar.ItemControl.WndProc(Message& m)
   在 System.Windows.Forms.Control.ControlNativeWindow.OnMessage(Message& m)
   在 System.Windows.Forms.Control.ControlNativeWindow.WndProc(Message& m)
   在 System.Windows.Forms.NativeWindow.Callback(IntPtr hWnd, Int32 msg, IntPtr wparam, IntPtr lparam)

------------------------------------------------------------------------------
Timestamp:  2020-05-06 14:42:44.6236
level    :  Error
Location :  YESTeleprompter.My.MyApplication.MyApplication_UnhandledException
Message  :  System.Exception: 测试异常处理
   在 YESTeleprompter.MainForm.PlayButton_Click(Object sender, EventArgs e)
   在 DevComponents.DotNetBar.BaseItem.RaiseClick(eEventSource source)
   在 DevComponents.DotNetBar.BaseItem.InternalMouseUp(MouseEventArgs objArg)
   在 DevComponents.DotNetBar.PopupItem.InternalMouseUp(MouseEventArgs objArg)
   在 DevComponents.DotNetBar.ButtonItem.InternalMouseUp(MouseEventArgs objArg)
   在 DevComponents.DotNetBar.BaseItem.InternalMouseUp(MouseEventArgs objArg)
   在 DevComponents.DotNetBar.ItemContainer.InternalMouseUp(MouseEventArgs objArg)
   在 DevComponents.DotNetBar.ItemControl.OnMouseUp(MouseEventArgs e)
   在 DevComponents.DotNetBar.RibbonBar.OnMouseUp(MouseEventArgs e)
   在 System.Windows.Forms.Control.WmMouseUp(Message& m, MouseButtons button, Int32 clicks)
   在 System.Windows.Forms.Control.WndProc(Message& m)
   在 System.Windows.Forms.ScrollableControl.WndProc(Message& m)
   在 System.Windows.Forms.ContainerControl.WndProc(Message& m)
   在 DevComponents.DotNetBar.ItemControl.WndProc(Message& m)
   在 System.Windows.Forms.Control.ControlNativeWindow.OnMessage(Message& m)
   在 System.Windows.Forms.Control.ControlNativeWindow.WndProc(Message& m)
   在 System.Windows.Forms.NativeWindow.Callback(IntPtr hWnd, Int32 msg, IntPtr wparam, IntPtr lparam)

------------------------------------------------------------------------------
Timestamp:  2020-05-06 14:43:12.5957
level    :  Error
Location :  YESTeleprompter.My.MyApplication.MyApplication_UnhandledException
Message  :  System.Exception: 测试异常处理
   在 YESTeleprompter.MainForm.PlayButton_Click(Object sender, EventArgs e)
   在 DevComponents.DotNetBar.BaseItem.RaiseClick(eEventSource source)
   在 DevComponents.DotNetBar.BaseItem.InternalMouseUp(MouseEventArgs objArg)
   在 DevComponents.DotNetBar.PopupItem.InternalMouseUp(MouseEventArgs objArg)
   在 DevComponents.DotNetBar.ButtonItem.InternalMouseUp(MouseEventArgs objArg)
   在 DevComponents.DotNetBar.BaseItem.InternalMouseUp(MouseEventArgs objArg)
   在 DevComponents.DotNetBar.ItemContainer.InternalMouseUp(MouseEventArgs objArg)
   在 DevComponents.DotNetBar.ItemControl.OnMouseUp(MouseEventArgs e)
   在 DevComponents.DotNetBar.RibbonBar.OnMouseUp(MouseEventArgs e)
   在 System.Windows.Forms.Control.WmMouseUp(Message& m, MouseButtons button, Int32 clicks)
   在 System.Windows.Forms.Control.WndProc(Message& m)
   在 System.Windows.Forms.ScrollableControl.WndProc(Message& m)
   在 System.Windows.Forms.ContainerControl.WndProc(Message& m)
   在 DevComponents.DotNetBar.ItemControl.WndProc(Message& m)
   在 System.Windows.Forms.Control.ControlNativeWindow.OnMessage(Message& m)
   在 System.Windows.Forms.Control.ControlNativeWindow.WndProc(Message& m)
   在 System.Windows.Forms.NativeWindow.Callback(IntPtr hWnd, Int32 msg, IntPtr wparam, IntPtr lparam)

------------------------------------------------------------------------------
Timestamp:  2020-05-06 14:44:09.0312
level    :  Error
Location :  YESTeleprompter.My.MyApplication.MyApplication_UnhandledException
Message  :  System.Exception: 测试异常处理
   在 YESTeleprompter.MainForm.PlayButton_Click(Object sender, EventArgs e)
   在 DevComponents.DotNetBar.BaseItem.RaiseClick(eEventSource source)
   在 DevComponents.DotNetBar.BaseItem.InternalMouseUp(MouseEventArgs objArg)
   在 DevComponents.DotNetBar.PopupItem.InternalMouseUp(MouseEventArgs objArg)
   在 DevComponents.DotNetBar.ButtonItem.InternalMouseUp(MouseEventArgs objArg)
   在 DevComponents.DotNetBar.BaseItem.InternalMouseUp(MouseEventArgs objArg)
   在 DevComponents.DotNetBar.ItemContainer.InternalMouseUp(MouseEventArgs objArg)
   在 DevComponents.DotNetBar.ItemControl.OnMouseUp(MouseEventArgs e)
   在 DevComponents.DotNetBar.RibbonBar.OnMouseUp(MouseEventArgs e)
   在 System.Windows.Forms.Control.WmMouseUp(Message& m, MouseButtons button, Int32 clicks)
   在 System.Windows.Forms.Control.WndProc(Message& m)
   在 System.Windows.Forms.ScrollableControl.WndProc(Message& m)
   在 System.Windows.Forms.ContainerControl.WndProc(Message& m)
   在 DevComponents.DotNetBar.ItemControl.WndProc(Message& m)
   在 System.Windows.Forms.Control.ControlNativeWindow.OnMessage(Message& m)
   在 System.Windows.Forms.Control.ControlNativeWindow.WndProc(Message& m)
   在 System.Windows.Forms.NativeWindow.Callback(IntPtr hWnd, Int32 msg, IntPtr wparam, IntPtr lparam)

------------------------------------------------------------------------------
Timestamp:  2020-05-06 14:44:58.5699
level    :  Error
Location :  YESTeleprompter.My.MyApplication.MyApplication_UnhandledException
Message  :  System.Exception: 测试异常处理
   在 YESTeleprompter.MainForm.PlayButton_Click(Object sender, EventArgs e)
   在 DevComponents.DotNetBar.BaseItem.RaiseClick(eEventSource source)
   在 DevComponents.DotNetBar.BaseItem.InternalMouseUp(MouseEventArgs objArg)
   在 DevComponents.DotNetBar.PopupItem.InternalMouseUp(MouseEventArgs objArg)
   在 DevComponents.DotNetBar.ButtonItem.InternalMouseUp(MouseEventArgs objArg)
   在 DevComponents.DotNetBar.BaseItem.InternalMouseUp(MouseEventArgs objArg)
   在 DevComponents.DotNetBar.ItemContainer.InternalMouseUp(MouseEventArgs objArg)
   在 DevComponents.DotNetBar.ItemControl.OnMouseUp(MouseEventArgs e)
   在 DevComponents.DotNetBar.RibbonBar.OnMouseUp(MouseEventArgs e)
   在 System.Windows.Forms.Control.WmMouseUp(Message& m, MouseButtons button, Int32 clicks)
   在 System.Windows.Forms.Control.WndProc(Message& m)
   在 System.Windows.Forms.ScrollableControl.WndProc(Message& m)
   在 System.Windows.Forms.ContainerControl.WndProc(Message& m)
   在 DevComponents.DotNetBar.ItemControl.WndProc(Message& m)
   在 System.Windows.Forms.Control.ControlNativeWindow.OnMessage(Message& m)
   在 System.Windows.Forms.Control.ControlNativeWindow.WndProc(Message& m)
   在 System.Windows.Forms.NativeWindow.Callback(IntPtr hWnd, Int32 msg, IntPtr wparam, IntPtr lparam)

------------------------------------------------------------------------------
Timestamp:  2020-05-06 14:46:09.9489
level    :  Error
Location :  YESTeleprompter.My.MyApplication.MyApplication_UnhandledException
Message  :  System.Exception: 测试异常处理
   在 YESTeleprompter.MainForm.PlayButton_Click(Object sender, EventArgs e)
   在 DevComponents.DotNetBar.BaseItem.RaiseClick(eEventSource source)
   在 DevComponents.DotNetBar.BaseItem.InternalMouseUp(MouseEventArgs objArg)
   在 DevComponents.DotNetBar.PopupItem.InternalMouseUp(MouseEventArgs objArg)
   在 DevComponents.DotNetBar.ButtonItem.InternalMouseUp(MouseEventArgs objArg)
   在 DevComponents.DotNetBar.BaseItem.InternalMouseUp(MouseEventArgs objArg)
   在 DevComponents.DotNetBar.ItemContainer.InternalMouseUp(MouseEventArgs objArg)
   在 DevComponents.DotNetBar.ItemControl.OnMouseUp(MouseEventArgs e)
   在 DevComponents.DotNetBar.RibbonBar.OnMouseUp(MouseEventArgs e)
   在 System.Windows.Forms.Control.WmMouseUp(Message& m, MouseButtons button, Int32 clicks)
   在 System.Windows.Forms.Control.WndProc(Message& m)
   在 System.Windows.Forms.ScrollableControl.WndProc(Message& m)
   在 System.Windows.Forms.ContainerControl.WndProc(Message& m)
   在 DevComponents.DotNetBar.ItemControl.WndProc(Message& m)
   在 System.Windows.Forms.Control.ControlNativeWindow.OnMessage(Message& m)
   在 System.Windows.Forms.Control.ControlNativeWindow.WndProc(Message& m)
   在 System.Windows.Forms.NativeWindow.Callback(IntPtr hWnd, Int32 msg, IntPtr wparam, IntPtr lparam)

------------------------------------------------------------------------------
Timestamp:  2020-05-06 14:46:42.0214
level    :  Error
Location :  YESTeleprompter.My.MyApplication.MyApplication_UnhandledException
Message  :  System.Exception: 测试异常处理
   在 YESTeleprompter.MainForm.PlayButton_Click(Object sender, EventArgs e)
   在 DevComponents.DotNetBar.BaseItem.RaiseClick(eEventSource source)
   在 DevComponents.DotNetBar.BaseItem.InternalMouseUp(MouseEventArgs objArg)
   在 DevComponents.DotNetBar.PopupItem.InternalMouseUp(MouseEventArgs objArg)
   在 DevComponents.DotNetBar.ButtonItem.InternalMouseUp(MouseEventArgs objArg)
   在 DevComponents.DotNetBar.BaseItem.InternalMouseUp(MouseEventArgs objArg)
   在 DevComponents.DotNetBar.ItemContainer.InternalMouseUp(MouseEventArgs objArg)
   在 DevComponents.DotNetBar.ItemControl.OnMouseUp(MouseEventArgs e)
   在 DevComponents.DotNetBar.RibbonBar.OnMouseUp(MouseEventArgs e)
   在 System.Windows.Forms.Control.WmMouseUp(Message& m, MouseButtons button, Int32 clicks)
   在 System.Windows.Forms.Control.WndProc(Message& m)
   在 System.Windows.Forms.ScrollableControl.WndProc(Message& m)
   在 System.Windows.Forms.ContainerControl.WndProc(Message& m)
   在 DevComponents.DotNetBar.ItemControl.WndProc(Message& m)
   在 System.Windows.Forms.Control.ControlNativeWindow.OnMessage(Message& m)
   在 System.Windows.Forms.Control.ControlNativeWindow.WndProc(Message& m)
   在 System.Windows.Forms.NativeWindow.Callback(IntPtr hWnd, Int32 msg, IntPtr wparam, IntPtr lparam)

------------------------------------------------------------------------------
Timestamp:  2020-05-06 14:47:13.4258
level    :  Error
Location :  YESTeleprompter.My.MyApplication.MyApplication_UnhandledException
Message  :  System.Exception: 测试异常处理
   在 YESTeleprompter.MainForm.PlayButton_Click(Object sender, EventArgs e)
   在 DevComponents.DotNetBar.BaseItem.RaiseClick(eEventSource source)
   在 DevComponents.DotNetBar.BaseItem.InternalMouseUp(MouseEventArgs objArg)
   在 DevComponents.DotNetBar.PopupItem.InternalMouseUp(MouseEventArgs objArg)
   在 DevComponents.DotNetBar.ButtonItem.InternalMouseUp(MouseEventArgs objArg)
   在 DevComponents.DotNetBar.BaseItem.InternalMouseUp(MouseEventArgs objArg)
   在 DevComponents.DotNetBar.ItemContainer.InternalMouseUp(MouseEventArgs objArg)
   在 DevComponents.DotNetBar.ItemControl.OnMouseUp(MouseEventArgs e)
   在 DevComponents.DotNetBar.RibbonBar.OnMouseUp(MouseEventArgs e)
   在 System.Windows.Forms.Control.WmMouseUp(Message& m, MouseButtons button, Int32 clicks)
   在 System.Windows.Forms.Control.WndProc(Message& m)
   在 System.Windows.Forms.ScrollableControl.WndProc(Message& m)
   在 System.Windows.Forms.ContainerControl.WndProc(Message& m)
   在 DevComponents.DotNetBar.ItemControl.WndProc(Message& m)
   在 System.Windows.Forms.Control.ControlNativeWindow.OnMessage(Message& m)
   在 System.Windows.Forms.Control.ControlNativeWindow.WndProc(Message& m)
   在 System.Windows.Forms.NativeWindow.Callback(IntPtr hWnd, Int32 msg, IntPtr wparam, IntPtr lparam)

------------------------------------------------------------------------------
Timestamp:  2020-05-06 15:59:22.5243
level    :  Error
Location :  YESTeleprompter.My.MyApplication.MyApplication_UnhandledException
Message  :  System.Exception: 测试异常
   在 YESTeleprompter.MainForm.PlayButton_Click(Object sender, EventArgs e)
   在 DevComponents.DotNetBar.BaseItem.RaiseClick(eEventSource source)
   在 DevComponents.DotNetBar.BaseItem.InternalMouseUp(MouseEventArgs objArg)
   在 DevComponents.DotNetBar.PopupItem.InternalMouseUp(MouseEventArgs objArg)
   在 DevComponents.DotNetBar.ButtonItem.InternalMouseUp(MouseEventArgs objArg)
   在 DevComponents.DotNetBar.BaseItem.InternalMouseUp(MouseEventArgs objArg)
   在 DevComponents.DotNetBar.ItemContainer.InternalMouseUp(MouseEventArgs objArg)
   在 DevComponents.DotNetBar.ItemControl.OnMouseUp(MouseEventArgs e)
   在 DevComponents.DotNetBar.RibbonBar.OnMouseUp(MouseEventArgs e)
   在 System.Windows.Forms.Control.WmMouseUp(Message& m, MouseButtons button, Int32 clicks)
   在 System.Windows.Forms.Control.WndProc(Message& m)
   在 System.Windows.Forms.ScrollableControl.WndProc(Message& m)
   在 System.Windows.Forms.ContainerControl.WndProc(Message& m)
   在 DevComponents.DotNetBar.ItemControl.WndProc(Message& m)
   在 System.Windows.Forms.Control.ControlNativeWindow.OnMessage(Message& m)
   在 System.Windows.Forms.Control.ControlNativeWindow.WndProc(Message& m)
   在 System.Windows.Forms.NativeWindow.Callback(IntPtr hWnd, Int32 msg, IntPtr wparam, IntPtr lparam)

------------------------------------------------------------------------------
Timestamp:  2020-05-06 16:36:53.7565
level    :  Error
Location :  YESTeleprompter.My.MyApplication.MyApplication_UnhandledException
Message  :  System.Exception: 测试异常
   在 YESTeleprompter.MainForm.PlayButton_Click(Object sender, EventArgs e)
   在 DevComponents.DotNetBar.BaseItem.RaiseClick(eEventSource source)
   在 DevComponents.DotNetBar.BaseItem.InternalMouseUp(MouseEventArgs objArg)
   在 DevComponents.DotNetBar.PopupItem.InternalMouseUp(MouseEventArgs objArg)
   在 DevComponents.DotNetBar.ButtonItem.InternalMouseUp(MouseEventArgs objArg)
   在 DevComponents.DotNetBar.BaseItem.InternalMouseUp(MouseEventArgs objArg)
   在 DevComponents.DotNetBar.ItemContainer.InternalMouseUp(MouseEventArgs objArg)
   在 DevComponents.DotNetBar.ItemControl.OnMouseUp(MouseEventArgs e)
   在 DevComponents.DotNetBar.RibbonBar.OnMouseUp(MouseEventArgs e)
   在 System.Windows.Forms.Control.WmMouseUp(Message& m, MouseButtons button, Int32 clicks)
   在 System.Windows.Forms.Control.WndProc(Message& m)
   在 System.Windows.Forms.ScrollableControl.WndProc(Message& m)
   在 System.Windows.Forms.ContainerControl.WndProc(Message& m)
   在 DevComponents.DotNetBar.ItemControl.WndProc(Message& m)
   在 System.Windows.Forms.Control.ControlNativeWindow.OnMessage(Message& m)
   在 System.Windows.Forms.Control.ControlNativeWindow.WndProc(Message& m)
   在 System.Windows.Forms.NativeWindow.Callback(IntPtr hWnd, Int32 msg, IntPtr wparam, IntPtr lparam)

